[
  {
    "line": 1,
    "elements": [
      {
        "before": [
          {
            "result": {
              "duration": 15777418499,
              "status": "passed"
            },
            "match": {
              "location": "Hooks.setUp()"
            }
          }
        ],
        "line": 4,
        "name": "User should navigate to login page successfully",
        "description": "",
        "id": "login-test;user-should-navigate-to-login-page-successfully",
        "after": [
          {
            "result": {
              "duration": 223100,
              "status": "passed"
            },
            "match": {
              "location": "Hooks.tearDown(Scenario)"
            }
          }
        ],
        "type": "scenario",
        "keyword": "Scenario",
        "steps": [
          {
            "result": {
              "duration": 863508400,
              "status": "passed"
            },
            "line": 5,
            "name": "User on homepage",
            "match": {
              "location": "LoginSteps.userOnHomepage()"
            },
            "keyword": "Given "
          },
          {
            "result": {
              "duration": 1720703100,
              "status": "passed"
            },
            "line": 6,
            "name": "User  click on login link",
            "match": {
              "location": "LoginSteps.userClickOnLoginLink()"
            },
            "keyword": "When "
          },
          {
            "result": {
              "duration": 321927400,
              "status": "passed"
            },
            "line": 7,
            "name": "User should navigate to login page successfully",
            "match": {
              "location": "LoginSteps.userShouldNavigateToLoginPageSuccessfully()"
            },
            "keyword": "Then "
          },
          {
            "result": {
              "duration": 165540700,
              "status": "passed"
            },
            "line": 8,
            "name": "User verify The Welcome, Please Sign In! message display",
            "match": {
              "location": "LoginSteps.userVerifyTheWelcomePleaseSignInMessageDisplay()"
            },
            "keyword": "And "
          }
        ]
      },
      {
        "before": [
          {
            "result": {
              "duration": 6290120800,
              "status": "passed"
            },
            "match": {
              "location": "Hooks.setUp()"
            }
          }
        ],
        "line": 10,
        "name": "Verify that User should login successfully with valid credentials",
        "description": "",
        "id": "login-test;verify-that-user-should-login-successfully-with-valid-credentials",
        "after": [
          {
            "result": {
              "duration": 2924686100,
              "status": "passed"
            },
            "match": {
              "location": "Hooks.tearDown(Scenario)"
            }
          }
        ],
        "type": "scenario",
        "keyword": "Scenario",
        "steps": [
          {
            "result": {
              "duration": 30700,
              "status": "passed"
            },
            "line": 11,
            "name": "User on homepage",
            "match": {
              "location": "LoginSteps.userOnHomepage()"
            },
            "keyword": "Given "
          },
          {
            "result": {
              "duration": 1357415501,
              "status": "passed"
            },
            "line": 12,
            "name": "User  click on login link",
            "match": {
              "location": "LoginSteps.userClickOnLoginLink()"
            },
            "keyword": "When "
          },
          {
            "result": {
              "duration": 269303100,
              "status": "passed"
            },
            "line": 13,
            "name": "User enter email \"jennypatel1@gmail.com\"",
            "match": {
              "arguments": [
                {
                  "val": "jennypatel1@gmail.com",
                  "offset": 18
                }
              ],
              "location": "LoginSteps.userEnterEmail(String)"
            },
            "keyword": "And "
          },
          {
            "result": {
              "duration": 211133001,
              "status": "passed"
            },
            "line": 14,
            "name": "User enter password \"123456\"",
            "match": {
              "arguments": [
                {
                  "val": "123456",
                  "offset": 21
                }
              ],
              "location": "LoginSteps.userEnterPassword(String)"
            },
            "keyword": "And "
          },
          {
            "result": {
              "duration": 1517644001,
              "status": "passed"
            },
            "line": 15,
            "name": "User  click on login button",
            "match": {
              "location": "LoginSteps.userClickOnLoginButton()"
            },
            "keyword": "And "
          },
          {
            "result": {
              "duration": 617200,
              "error_message": "cucumber.runtime.CucumberException: Arity mismatch: Step Definition \u0027com.nopcommerce.demo.steps.LoginSteps.userVerifyTheLogOutLinkText(String) in file:/C:/Homework/nopcommerceweek_14/target/test-classes/\u0027 with pattern [^User verify the Log out link text$] is declared with 1 parameters. However, the gherkin step has 0 arguments []. \nStep: Then User verify the Log out link text\r\n\tat cucumber.runtime.StepDefinitionMatch.arityMismatch(StepDefinitionMatch.java:102)\r\n\tat cucumber.runtime.StepDefinitionMatch.transformedArgs(StepDefinitionMatch.java:60)\r\n\tat cucumber.runtime.StepDefinitionMatch.runStep(StepDefinitionMatch.java:37)\r\n\tat cucumber.runtime.Runtime.runStep(Runtime.java:300)\r\n\tat cucumber.runtime.model.StepContainer.runStep(StepContainer.java:44)\r\n\tat cucumber.runtime.model.StepContainer.runSteps(StepContainer.java:39)\r\n\tat cucumber.runtime.model.CucumberScenario.run(CucumberScenario.java:44)\r\n\tat cucumber.runtime.junit.ExecutionUnitRunner.run(ExecutionUnitRunner.java:102)\r\n\tat cucumber.runtime.junit.FeatureRunner.runChild(FeatureRunner.java:63)\r\n\tat cucumber.runtime.junit.FeatureRunner.runChild(FeatureRunner.java:18)\r\n\tat org.junit.runners.ParentRunner$3.run(ParentRunner.java:238)\r\n\tat org.junit.runners.ParentRunner$1.schedule(ParentRunner.java:63)\r\n\tat org.junit.runners.ParentRunner.runChildren(ParentRunner.java:236)\r\n\tat org.junit.runners.ParentRunner.access$000(ParentRunner.java:53)\r\n\tat org.junit.runners.ParentRunner$2.evaluate(ParentRunner.java:229)\r\n\tat org.junit.runners.ParentRunner.run(ParentRunner.java:309)\r\n\tat cucumber.runtime.junit.FeatureRunner.run(FeatureRunner.java:70)\r\n\tat cucumber.api.junit.Cucumber.runChild(Cucumber.java:95)\r\n\tat cucumber.api.junit.Cucumber.runChild(Cucumber.java:38)\r\n\tat org.junit.runners.ParentRunner$3.run(ParentRunner.java:238)\r\n\tat org.junit.runners.ParentRunner$1.schedule(ParentRunner.java:63)\r\n\tat org.junit.runners.ParentRunner.runChildren(ParentRunner.java:236)\r\n\tat org.junit.runners.ParentRunner.access$000(ParentRunner.java:53)\r\n\tat org.junit.runners.ParentRunner$2.evaluate(ParentRunner.java:229)\r\n\tat org.junit.internal.runners.statements.RunAfters.evaluate(RunAfters.java:27)\r\n\tat org.junit.runners.ParentRunner.run(ParentRunner.java:309)\r\n\tat cucumber.api.junit.Cucumber.run(Cucumber.java:100)\r\n\tat org.junit.runner.JUnitCore.run(JUnitCore.java:160)\r\n\tat com.intellij.junit4.JUnit4IdeaTestRunner.startRunnerWithArgs(JUnit4IdeaTestRunner.java:69)\r\n\tat com.intellij.rt.junit.IdeaTestRunner$Repeater$1.execute(IdeaTestRunner.java:38)\r\n\tat com.intellij.rt.execution.junit.TestsRepeater.repeat(TestsRepeater.java:11)\r\n\tat com.intellij.rt.junit.IdeaTestRunner$Repeater.startRunnerWithArgs(IdeaTestRunner.java:35)\r\n\tat com.intellij.rt.junit.JUnitStarter.prepareStreamsAndStart(JUnitStarter.java:235)\r\n\tat com.intellij.rt.junit.JUnitStarter.main(JUnitStarter.java:54)\r\n",
              "status": "failed"
            },
            "line": 16,
            "name": "User verify the Log out link text",
            "match": {
              "location": "LoginSteps.userVerifyTheLogOutLinkText(String)"
            },
            "keyword": "Then "
          }
        ]
      },
      {
        "before": [
          {
            "result": {
              "duration": 8797470100,
              "status": "passed"
            },
            "match": {
              "location": "Hooks.setUp()"
            }
          }
        ],
        "line": 18,
        "name": "Verify the error message with Invalid Credentials",
        "description": "",
        "id": "login-test;verify-the-error-message-with-invalid-credentials",
        "after": [
          {
            "result": {
              "duration": 1234294999,
              "status": "passed"
            },
            "match": {
              "location": "Hooks.tearDown(Scenario)"
            }
          }
        ],
        "type": "scenario",
        "keyword": "Scenario",
        "steps": [
          {
            "result": {
              "duration": 30300,
              "status": "passed"
            },
            "line": 19,
            "name": "User on homepage",
            "match": {
              "location": "LoginSteps.userOnHomepage()"
            },
            "keyword": "Given "
          },
          {
            "result": {
              "duration": 2218933500,
              "status": "passed"
            },
            "line": 20,
            "name": "User  click on login link",
            "match": {
              "location": "LoginSteps.userClickOnLoginLink()"
            },
            "keyword": "When "
          },
          {
            "result": {
              "duration": 429638600,
              "status": "passed"
            },
            "line": 21,
            "name": "User enter email \"sonapate@gmail.com\"",
            "match": {
              "arguments": [
                {
                  "val": "sonapate@gmail.com",
                  "offset": 18
                }
              ],
              "location": "LoginSteps.userEnterEmail(String)"
            },
            "keyword": "And "
          },
          {
            "result": {
              "duration": 361599500,
              "status": "passed"
            },
            "line": 22,
            "name": "User enter password \"rdht\"",
            "match": {
              "arguments": [
                {
                  "val": "rdht",
                  "offset": 21
                }
              ],
              "location": "LoginSteps.userEnterPassword(String)"
            },
            "keyword": "And "
          },
          {
            "result": {
              "duration": 1296963399,
              "status": "passed"
            },
            "line": 23,
            "name": "User  click on login button",
            "match": {
              "location": "LoginSteps.userClickOnLoginButton()"
            },
            "keyword": "And "
          },
          {
            "result": {
              "duration": 790000,
              "error_message": "cucumber.runtime.CucumberException: Arity mismatch: Step Definition \u0027com.nopcommerce.demo.steps.LoginSteps.userShouldSeeTheErrorMessage(String) in file:/C:/Homework/nopcommerceweek_14/target/test-classes/\u0027 with pattern [^User should see the error message$] is declared with 1 parameters. However, the gherkin step has 0 arguments []. \nStep: Then User should see the error message\r\n\tat cucumber.runtime.StepDefinitionMatch.arityMismatch(StepDefinitionMatch.java:102)\r\n\tat cucumber.runtime.StepDefinitionMatch.transformedArgs(StepDefinitionMatch.java:60)\r\n\tat cucumber.runtime.StepDefinitionMatch.runStep(StepDefinitionMatch.java:37)\r\n\tat cucumber.runtime.Runtime.runStep(Runtime.java:300)\r\n\tat cucumber.runtime.model.StepContainer.runStep(StepContainer.java:44)\r\n\tat cucumber.runtime.model.StepContainer.runSteps(StepContainer.java:39)\r\n\tat cucumber.runtime.model.CucumberScenario.run(CucumberScenario.java:44)\r\n\tat cucumber.runtime.junit.ExecutionUnitRunner.run(ExecutionUnitRunner.java:102)\r\n\tat cucumber.runtime.junit.FeatureRunner.runChild(FeatureRunner.java:63)\r\n\tat cucumber.runtime.junit.FeatureRunner.runChild(FeatureRunner.java:18)\r\n\tat org.junit.runners.ParentRunner$3.run(ParentRunner.java:238)\r\n\tat org.junit.runners.ParentRunner$1.schedule(ParentRunner.java:63)\r\n\tat org.junit.runners.ParentRunner.runChildren(ParentRunner.java:236)\r\n\tat org.junit.runners.ParentRunner.access$000(ParentRunner.java:53)\r\n\tat org.junit.runners.ParentRunner$2.evaluate(ParentRunner.java:229)\r\n\tat org.junit.runners.ParentRunner.run(ParentRunner.java:309)\r\n\tat cucumber.runtime.junit.FeatureRunner.run(FeatureRunner.java:70)\r\n\tat cucumber.api.junit.Cucumber.runChild(Cucumber.java:95)\r\n\tat cucumber.api.junit.Cucumber.runChild(Cucumber.java:38)\r\n\tat org.junit.runners.ParentRunner$3.run(ParentRunner.java:238)\r\n\tat org.junit.runners.ParentRunner$1.schedule(ParentRunner.java:63)\r\n\tat org.junit.runners.ParentRunner.runChildren(ParentRunner.java:236)\r\n\tat org.junit.runners.ParentRunner.access$000(ParentRunner.java:53)\r\n\tat org.junit.runners.ParentRunner$2.evaluate(ParentRunner.java:229)\r\n\tat org.junit.internal.runners.statements.RunAfters.evaluate(RunAfters.java:27)\r\n\tat org.junit.runners.ParentRunner.run(ParentRunner.java:309)\r\n\tat cucumber.api.junit.Cucumber.run(Cucumber.java:100)\r\n\tat org.junit.runner.JUnitCore.run(JUnitCore.java:160)\r\n\tat com.intellij.junit4.JUnit4IdeaTestRunner.startRunnerWithArgs(JUnit4IdeaTestRunner.java:69)\r\n\tat com.intellij.rt.junit.IdeaTestRunner$Repeater$1.execute(IdeaTestRunner.java:38)\r\n\tat com.intellij.rt.execution.junit.TestsRepeater.repeat(TestsRepeater.java:11)\r\n\tat com.intellij.rt.junit.IdeaTestRunner$Repeater.startRunnerWithArgs(IdeaTestRunner.java:35)\r\n\tat com.intellij.rt.junit.JUnitStarter.prepareStreamsAndStart(JUnitStarter.java:235)\r\n\tat com.intellij.rt.junit.JUnitStarter.main(JUnitStarter.java:54)\r\n",
              "status": "failed"
            },
            "line": 24,
            "name": "User should see the error message",
            "match": {
              "location": "LoginSteps.userShouldSeeTheErrorMessage(String)"
            },
            "keyword": "Then "
          }
        ]
      },
      {
        "before": [
          {
            "result": {
              "duration": 11583602800,
              "status": "passed"
            },
            "match": {
              "location": "Hooks.setUp()"
            }
          }
        ],
        "line": 26,
        "name": "Verify that user should logout Successfully",
        "description": "",
        "id": "login-test;verify-that-user-should-logout-successfully",
        "after": [
          {
            "result": {
              "duration": 3894765800,
              "status": "passed"
            },
            "match": {
              "location": "Hooks.tearDown(Scenario)"
            }
          }
        ],
        "type": "scenario",
        "keyword": "Scenario",
        "steps": [
          {
            "result": {
              "duration": 223600,
              "status": "passed"
            },
            "line": 27,
            "name": "User on homepage",
            "match": {
              "location": "LoginSteps.userOnHomepage()"
            },
            "keyword": "Given "
          },
          {
            "result": {
              "duration": 1965880501,
              "status": "passed"
            },
            "line": 28,
            "name": "User  click on login link",
            "match": {
              "location": "LoginSteps.userClickOnLoginLink()"
            },
            "keyword": "When "
          },
          {
            "result": {
              "duration": 422953100,
              "status": "passed"
            },
            "line": 29,
            "name": "User enter email \"jennypatel1@gmail.com\"",
            "match": {
              "arguments": [
                {
                  "val": "jennypatel1@gmail.com",
                  "offset": 18
                }
              ],
              "location": "LoginSteps.userEnterEmail(String)"
            },
            "keyword": "And "
          },
          {
            "result": {
              "duration": 432915600,
              "status": "passed"
            },
            "line": 30,
            "name": "User enter password \"123456\"",
            "match": {
              "arguments": [
                {
                  "val": "123456",
                  "offset": 21
                }
              ],
              "location": "LoginSteps.userEnterPassword(String)"
            },
            "keyword": "And "
          },
          {
            "result": {
              "duration": 2091550600,
              "status": "passed"
            },
            "line": 31,
            "name": "User  click on login button",
            "match": {
              "location": "LoginSteps.userClickOnLoginButton()"
            },
            "keyword": "And "
          },
          {
            "result": {
              "duration": 1393782100,
              "status": "passed"
            },
            "line": 32,
            "name": "User click on Log Out Link",
            "match": {
              "location": "LoginSteps.userClickOnLogOutLink()"
            },
            "keyword": "And "
          },
          {
            "result": {
              "duration": 328099,
              "error_message": "cucumber.runtime.CucumberException: Arity mismatch: Step Definition \u0027com.nopcommerce.demo.steps.LoginSteps.userShouldVerifyThatLoginLinkDisplay(String) in file:/C:/Homework/nopcommerceweek_14/target/test-classes/\u0027 with pattern [^User should verify that login link display$] is declared with 1 parameters. However, the gherkin step has 0 arguments []. \nStep: Then User should verify that login link display\r\n\tat cucumber.runtime.StepDefinitionMatch.arityMismatch(StepDefinitionMatch.java:102)\r\n\tat cucumber.runtime.StepDefinitionMatch.transformedArgs(StepDefinitionMatch.java:60)\r\n\tat cucumber.runtime.StepDefinitionMatch.runStep(StepDefinitionMatch.java:37)\r\n\tat cucumber.runtime.Runtime.runStep(Runtime.java:300)\r\n\tat cucumber.runtime.model.StepContainer.runStep(StepContainer.java:44)\r\n\tat cucumber.runtime.model.StepContainer.runSteps(StepContainer.java:39)\r\n\tat cucumber.runtime.model.CucumberScenario.run(CucumberScenario.java:44)\r\n\tat cucumber.runtime.junit.ExecutionUnitRunner.run(ExecutionUnitRunner.java:102)\r\n\tat cucumber.runtime.junit.FeatureRunner.runChild(FeatureRunner.java:63)\r\n\tat cucumber.runtime.junit.FeatureRunner.runChild(FeatureRunner.java:18)\r\n\tat org.junit.runners.ParentRunner$3.run(ParentRunner.java:238)\r\n\tat org.junit.runners.ParentRunner$1.schedule(ParentRunner.java:63)\r\n\tat org.junit.runners.ParentRunner.runChildren(ParentRunner.java:236)\r\n\tat org.junit.runners.ParentRunner.access$000(ParentRunner.java:53)\r\n\tat org.junit.runners.ParentRunner$2.evaluate(ParentRunner.java:229)\r\n\tat org.junit.runners.ParentRunner.run(ParentRunner.java:309)\r\n\tat cucumber.runtime.junit.FeatureRunner.run(FeatureRunner.java:70)\r\n\tat cucumber.api.junit.Cucumber.runChild(Cucumber.java:95)\r\n\tat cucumber.api.junit.Cucumber.runChild(Cucumber.java:38)\r\n\tat org.junit.runners.ParentRunner$3.run(ParentRunner.java:238)\r\n\tat org.junit.runners.ParentRunner$1.schedule(ParentRunner.java:63)\r\n\tat org.junit.runners.ParentRunner.runChildren(ParentRunner.java:236)\r\n\tat org.junit.runners.ParentRunner.access$000(ParentRunner.java:53)\r\n\tat org.junit.runners.ParentRunner$2.evaluate(ParentRunner.java:229)\r\n\tat org.junit.internal.runners.statements.RunAfters.evaluate(RunAfters.java:27)\r\n\tat org.junit.runners.ParentRunner.run(ParentRunner.java:309)\r\n\tat cucumber.api.junit.Cucumber.run(Cucumber.java:100)\r\n\tat org.junit.runner.JUnitCore.run(JUnitCore.java:160)\r\n\tat com.intellij.junit4.JUnit4IdeaTestRunner.startRunnerWithArgs(JUnit4IdeaTestRunner.java:69)\r\n\tat com.intellij.rt.junit.IdeaTestRunner$Repeater$1.execute(IdeaTestRunner.java:38)\r\n\tat com.intellij.rt.execution.junit.TestsRepeater.repeat(TestsRepeater.java:11)\r\n\tat com.intellij.rt.junit.IdeaTestRunner$Repeater.startRunnerWithArgs(IdeaTestRunner.java:35)\r\n\tat com.intellij.rt.junit.JUnitStarter.prepareStreamsAndStart(JUnitStarter.java:235)\r\n\tat com.intellij.rt.junit.JUnitStarter.main(JUnitStarter.java:54)\r\n",
              "status": "failed"
            },
            "line": 33,
            "name": "User should verify that login link display",
            "match": {
              "location": "LoginSteps.userShouldVerifyThatLoginLinkDisplay(String)"
            },
            "keyword": "Then "
          }
        ]
      }
    ],
    "name": "Login Test",
    "description": "As a User I should be able to login and logout with valid credentials",
    "id": "login-test",
    "keyword": "Feature",
    "uri": "src/test/java/resources/featurefile/login.feature"
  }
]